2023-04-20 20:52:08,440 INFO o.a.j.u.JMeterUtils: Setting Locale to en_EN
2023-04-20 20:52:08,452 INFO o.a.j.JMeter: Loading user properties from: /opt/homebrew/Cellar/jmeter/5.5/libexec/bin/user.properties
2023-04-20 20:52:08,453 INFO o.a.j.JMeter: Loading system properties from: /opt/homebrew/Cellar/jmeter/5.5/libexec/bin/system.properties
2023-04-20 20:52:08,456 INFO o.a.j.JMeter: Copyright (c) 1998-2022 The Apache Software Foundation
2023-04-20 20:52:08,456 INFO o.a.j.JMeter: Version 5.5
2023-04-20 20:52:08,456 INFO o.a.j.JMeter: java.version=20
2023-04-20 20:52:08,456 INFO o.a.j.JMeter: java.vm.name=OpenJDK 64-Bit Server VM
2023-04-20 20:52:08,456 INFO o.a.j.JMeter: os.name=Mac OS X
2023-04-20 20:52:08,456 INFO o.a.j.JMeter: os.arch=aarch64
2023-04-20 20:52:08,456 INFO o.a.j.JMeter: os.version=13.3.1
2023-04-20 20:52:08,456 INFO o.a.j.JMeter: file.encoding=UTF-8
2023-04-20 20:52:08,456 INFO o.a.j.JMeter: java.awt.headless=null
2023-04-20 20:52:08,456 INFO o.a.j.JMeter: Max memory     =1073741824
2023-04-20 20:52:08,456 INFO o.a.j.JMeter: Available Processors =8
2023-04-20 20:52:08,462 INFO o.a.j.JMeter: Default Locale=English (EN)
2023-04-20 20:52:08,462 INFO o.a.j.JMeter: JMeter  Locale=English (EN)
2023-04-20 20:52:08,462 INFO o.a.j.JMeter: JMeterHome=/opt/homebrew/Cellar/jmeter/5.5/libexec
2023-04-20 20:52:08,462 INFO o.a.j.JMeter: user.dir  =/Users/yuri/utec/software/lab04
2023-04-20 20:52:08,463 INFO o.a.j.JMeter: PWD       =/Users/yuri/utec/software/lab04
2023-04-20 20:52:08,464 INFO o.a.j.JMeter: IP: 127.0.0.1 Name: Miguels-MacBook-Pro.local FullName: localhost
2023-04-20 20:52:08,470 INFO o.a.j.JMeter: Loaded icon properties from org/apache/jmeter/images/icon.properties
2023-04-20 20:52:08,708 INFO o.a.j.JMeterGuiLauncher: Setting LAF to: com.github.weisj.darklaf.DarkLaf:com.github.weisj.darklaf.theme.DarculaTheme
2023-04-20 20:52:10,041 INFO o.j.r.JARSourceHTTP: Requesting https://jmeter-plugins.org/repo/?installID=mac_os_x-eb81970faa01778c38c83f869b01b284-gui
2023-04-20 20:52:11,355 INFO o.j.r.PluginManager: Plugins Status: [jpgc-plugins-manager=1.7, jmeter-core=5.5, jmeter-ftp=5.5, jmeter-http=5.5, jmeter-jdbc=5.5, jmeter-jms=5.5, jmeter-junit=5.5, jmeter-java=5.5, jmeter-ldap=5.5, jmeter-mail=5.5, jmeter-mongodb=5.5, jmeter-native=5.5, jmeter-tcp=5.5, jmeter-components=5.5]
2023-04-20 20:52:11,356 INFO o.j.r.PluginManagerMenuItem: Plugins Manager has upgrades: [jpgc-plugins-manager]
2023-04-20 20:52:20,700 INFO o.a.j.s.FileServer: Default base='/Users/yuri/utec/software/lab04'
2023-04-20 20:52:20,702 INFO o.a.j.g.a.Load: Loading file: /Users/yuri/utec/software/lab04/View Results Tree.jmx
2023-04-20 20:52:20,702 INFO o.a.j.s.FileServer: Set new base='/Users/yuri/utec/software/lab04'
2023-04-20 20:52:20,805 INFO o.a.j.s.SaveService: Testplan (JMX) version: 2.2. Testlog (JTL) version: 2.2
2023-04-20 20:52:20,809 INFO o.a.j.s.SaveService: Using SaveService properties version 5.0
2023-04-20 20:52:20,810 INFO o.a.j.s.SaveService: Using SaveService properties file encoding UTF-8
2023-04-20 20:52:20,811 INFO o.a.j.s.SaveService: Loading file: /Users/yuri/utec/software/lab04/View Results Tree.jmx
2023-04-20 20:52:20,867 INFO o.a.j.p.h.s.HTTPSamplerBase: Parser for text/html is org.apache.jmeter.protocol.http.parser.LagartoBasedHtmlParser
2023-04-20 20:52:20,867 INFO o.a.j.p.h.s.HTTPSamplerBase: Parser for application/xhtml+xml is org.apache.jmeter.protocol.http.parser.LagartoBasedHtmlParser
2023-04-20 20:52:20,867 INFO o.a.j.p.h.s.HTTPSamplerBase: Parser for application/xml is org.apache.jmeter.protocol.http.parser.LagartoBasedHtmlParser
2023-04-20 20:52:20,867 INFO o.a.j.p.h.s.HTTPSamplerBase: Parser for text/xml is org.apache.jmeter.protocol.http.parser.LagartoBasedHtmlParser
2023-04-20 20:52:20,867 INFO o.a.j.p.h.s.HTTPSamplerBase: Parser for text/vnd.wap.wml is org.apache.jmeter.protocol.http.parser.RegexpHTMLParser
2023-04-20 20:52:20,867 INFO o.a.j.p.h.s.HTTPSamplerBase: Parser for text/css is org.apache.jmeter.protocol.http.parser.CssParser
2023-04-20 20:52:20,946 INFO o.a.j.s.SampleResult: Note: Sample TimeStamps are START times
2023-04-20 20:52:20,946 INFO o.a.j.s.SampleResult: sampleresult.default.encoding is set to ISO-8859-1
2023-04-20 20:52:20,946 INFO o.a.j.s.SampleResult: sampleresult.useNanoTime=true
2023-04-20 20:52:20,947 INFO o.a.j.s.SampleResult: sampleresult.nanoThreadSleep=5000
2023-04-20 20:52:21,027 INFO o.a.j.v.ViewResultsFullVisualizer: Add JavaFX to your Java installation if you want to use renderer: org.apache.jmeter.visualizers.RenderInBrowser
2023-04-20 20:52:21,073 INFO o.a.j.s.FileServer: Set new base='/Users/yuri/utec/software/lab04'
2023-04-20 20:52:26,405 INFO o.a.j.e.StandardJMeterEngine: Running the test!
2023-04-20 20:52:26,406 INFO o.a.j.s.SampleEvent: List of sample_variables: []
2023-04-20 20:52:26,406 INFO o.a.j.s.SampleEvent: List of sample_variables: []
2023-04-20 20:52:26,407 INFO o.a.j.e.u.CompoundVariable: Note: Function class names must contain the string: '.functions.'
2023-04-20 20:52:26,407 INFO o.a.j.e.u.CompoundVariable: Note: Function class names must not contain the string: '.gui.'
2023-04-20 20:52:26,432 INFO o.a.j.g.u.JMeterMenuBar: setRunning(true, *local*)
2023-04-20 20:52:26,455 INFO o.a.j.e.StandardJMeterEngine: Starting ThreadGroup: 1 : Thread Group
2023-04-20 20:52:26,455 INFO o.a.j.e.StandardJMeterEngine: Starting 10 threads for group Thread Group.
2023-04-20 20:52:26,455 INFO o.a.j.e.StandardJMeterEngine: Thread will continue on error
2023-04-20 20:52:26,455 INFO o.a.j.t.ThreadGroup: Starting thread group... number=1 threads=10 ramp-up=2 delayedStart=false
2023-04-20 20:52:26,457 INFO o.a.j.t.JMeterThread: Thread started: Thread Group 1-1
2023-04-20 20:52:26,458 INFO o.a.j.t.ThreadGroup: Started thread group number 1
2023-04-20 20:52:26,458 INFO o.a.j.e.StandardJMeterEngine: All thread groups have been started
2023-04-20 20:52:26,461 INFO o.a.j.p.h.s.HTTPHCAbstractImpl: Local host = Miguels-MacBook-Pro.local
2023-04-20 20:52:26,465 INFO o.a.j.p.h.s.HTTPHC4Impl: HTTP request retry count = 0
2023-04-20 20:52:26,661 INFO o.a.j.t.JMeterThread: Thread started: Thread Group 1-2
2023-04-20 20:52:26,727 INFO o.a.j.t.JMeterThread: Thread is done: Thread Group 1-1
2023-04-20 20:52:26,728 INFO o.a.j.t.JMeterThread: Thread finished: Thread Group 1-1
2023-04-20 20:52:26,794 INFO o.a.j.t.JMeterThread: Thread is done: Thread Group 1-2
2023-04-20 20:52:26,794 INFO o.a.j.t.JMeterThread: Thread finished: Thread Group 1-2
2023-04-20 20:52:26,860 INFO o.a.j.t.JMeterThread: Thread started: Thread Group 1-3
2023-04-20 20:52:26,977 INFO o.a.j.t.JMeterThread: Thread is done: Thread Group 1-3
2023-04-20 20:52:26,977 INFO o.a.j.t.JMeterThread: Thread finished: Thread Group 1-3
2023-04-20 20:52:27,060 INFO o.a.j.t.JMeterThread: Thread started: Thread Group 1-4
2023-04-20 20:52:27,187 INFO o.a.j.t.JMeterThread: Thread is done: Thread Group 1-4
2023-04-20 20:52:27,187 INFO o.a.j.t.JMeterThread: Thread finished: Thread Group 1-4
2023-04-20 20:52:27,260 INFO o.a.j.t.JMeterThread: Thread started: Thread Group 1-5
2023-04-20 20:52:27,388 INFO o.a.j.t.JMeterThread: Thread is done: Thread Group 1-5
2023-04-20 20:52:27,388 INFO o.a.j.t.JMeterThread: Thread finished: Thread Group 1-5
2023-04-20 20:52:27,458 INFO o.a.j.t.JMeterThread: Thread started: Thread Group 1-6
2023-04-20 20:52:27,573 INFO o.a.j.t.JMeterThread: Thread is done: Thread Group 1-6
2023-04-20 20:52:27,573 INFO o.a.j.t.JMeterThread: Thread finished: Thread Group 1-6
2023-04-20 20:52:27,662 INFO o.a.j.t.JMeterThread: Thread started: Thread Group 1-7
2023-04-20 20:52:27,788 INFO o.a.j.t.JMeterThread: Thread is done: Thread Group 1-7
2023-04-20 20:52:27,788 INFO o.a.j.t.JMeterThread: Thread finished: Thread Group 1-7
2023-04-20 20:52:27,860 INFO o.a.j.t.JMeterThread: Thread started: Thread Group 1-8
2023-04-20 20:52:27,985 INFO o.a.j.t.JMeterThread: Thread is done: Thread Group 1-8
2023-04-20 20:52:27,985 INFO o.a.j.t.JMeterThread: Thread finished: Thread Group 1-8
2023-04-20 20:52:28,060 INFO o.a.j.t.JMeterThread: Thread started: Thread Group 1-9
2023-04-20 20:52:28,193 INFO o.a.j.t.JMeterThread: Thread is done: Thread Group 1-9
2023-04-20 20:52:28,193 INFO o.a.j.t.JMeterThread: Thread finished: Thread Group 1-9
2023-04-20 20:52:28,260 INFO o.a.j.t.JMeterThread: Thread started: Thread Group 1-10
2023-04-20 20:52:28,376 INFO o.a.j.t.JMeterThread: Thread is done: Thread Group 1-10
2023-04-20 20:52:28,376 INFO o.a.j.t.JMeterThread: Thread finished: Thread Group 1-10
2023-04-20 20:52:28,376 INFO o.a.j.e.StandardJMeterEngine: Notifying test listeners of end of test
2023-04-20 20:52:28,376 INFO o.a.j.g.u.JMeterMenuBar: setRunning(false, *local*)
2023-04-20 20:52:49,077 INFO o.a.j.e.StandardJMeterEngine: Running the test!
2023-04-20 20:52:49,077 INFO o.a.j.s.SampleEvent: List of sample_variables: []
2023-04-20 20:52:49,078 INFO o.a.j.g.u.JMeterMenuBar: setRunning(true, *local*)
2023-04-20 20:52:49,106 INFO o.a.j.e.StandardJMeterEngine: Starting ThreadGroup: 1 : Thread Group
2023-04-20 20:52:49,106 INFO o.a.j.e.StandardJMeterEngine: Starting 10 threads for group Thread Group.
2023-04-20 20:52:49,106 INFO o.a.j.e.StandardJMeterEngine: Thread will continue on error
2023-04-20 20:52:49,106 INFO o.a.j.t.ThreadGroup: Starting thread group... number=1 threads=10 ramp-up=2 delayedStart=false
2023-04-20 20:52:49,107 INFO o.a.j.t.JMeterThread: Thread started: Thread Group 1-1
2023-04-20 20:52:49,108 INFO o.a.j.t.ThreadGroup: Started thread group number 1
2023-04-20 20:52:49,108 INFO o.a.j.e.StandardJMeterEngine: All thread groups have been started
2023-04-20 20:52:49,129 INFO o.a.j.t.JMeterThread: Thread is done: Thread Group 1-1
2023-04-20 20:52:49,130 INFO o.a.j.t.JMeterThread: Thread finished: Thread Group 1-1
2023-04-20 20:52:49,312 INFO o.a.j.t.JMeterThread: Thread started: Thread Group 1-2
2023-04-20 20:52:49,340 INFO o.a.j.t.JMeterThread: Thread is done: Thread Group 1-2
2023-04-20 20:52:49,340 INFO o.a.j.t.JMeterThread: Thread finished: Thread Group 1-2
2023-04-20 20:52:49,511 INFO o.a.j.t.JMeterThread: Thread started: Thread Group 1-3
2023-04-20 20:52:49,537 INFO o.a.j.t.JMeterThread: Thread is done: Thread Group 1-3
2023-04-20 20:52:49,538 INFO o.a.j.t.JMeterThread: Thread finished: Thread Group 1-3
2023-04-20 20:52:49,711 INFO o.a.j.t.JMeterThread: Thread started: Thread Group 1-4
2023-04-20 20:52:49,746 INFO o.a.j.t.JMeterThread: Thread is done: Thread Group 1-4
2023-04-20 20:52:49,747 INFO o.a.j.t.JMeterThread: Thread finished: Thread Group 1-4
2023-04-20 20:52:49,911 INFO o.a.j.t.JMeterThread: Thread started: Thread Group 1-5
2023-04-20 20:52:49,931 INFO o.a.j.t.JMeterThread: Thread is done: Thread Group 1-5
2023-04-20 20:52:49,931 INFO o.a.j.t.JMeterThread: Thread finished: Thread Group 1-5
2023-04-20 20:52:50,110 INFO o.a.j.t.JMeterThread: Thread started: Thread Group 1-6
2023-04-20 20:52:50,132 INFO o.a.j.t.JMeterThread: Thread is done: Thread Group 1-6
2023-04-20 20:52:50,132 INFO o.a.j.t.JMeterThread: Thread finished: Thread Group 1-6
2023-04-20 20:52:50,309 INFO o.a.j.t.JMeterThread: Thread started: Thread Group 1-7
2023-04-20 20:52:50,335 INFO o.a.j.t.JMeterThread: Thread is done: Thread Group 1-7
2023-04-20 20:52:50,335 INFO o.a.j.t.JMeterThread: Thread finished: Thread Group 1-7
2023-04-20 20:52:50,511 INFO o.a.j.t.JMeterThread: Thread started: Thread Group 1-8
2023-04-20 20:52:50,538 INFO o.a.j.t.JMeterThread: Thread is done: Thread Group 1-8
2023-04-20 20:52:50,538 INFO o.a.j.t.JMeterThread: Thread finished: Thread Group 1-8
2023-04-20 20:52:50,710 INFO o.a.j.t.JMeterThread: Thread started: Thread Group 1-9
2023-04-20 20:52:50,729 INFO o.a.j.t.JMeterThread: Thread is done: Thread Group 1-9
2023-04-20 20:52:50,729 INFO o.a.j.t.JMeterThread: Thread finished: Thread Group 1-9
2023-04-20 20:52:50,912 INFO o.a.j.t.JMeterThread: Thread started: Thread Group 1-10
2023-04-20 20:52:50,932 INFO o.a.j.t.JMeterThread: Thread is done: Thread Group 1-10
2023-04-20 20:52:50,932 INFO o.a.j.t.JMeterThread: Thread finished: Thread Group 1-10
2023-04-20 20:52:50,932 INFO o.a.j.e.StandardJMeterEngine: Notifying test listeners of end of test
2023-04-20 20:52:50,932 INFO o.a.j.g.u.JMeterMenuBar: setRunning(false, *local*)
